<?xml version="1.0" encoding="UTF-8"?>
<!-- Generated by org.testng.reporters.JUnitXMLReporter -->
<testsuite hostname="Vaibhav4342" ignored="0" name="Test" tests="1" failures="0" timestamp="2020-05-24T18:22:08 IST" time="2.782" errors="0">
  <testcase name="@BeforeMethod setUp" time="2.655" classname="com.demo.qa.testcases.LoginPageTest">
    <failure type="org.openqa.selenium.SessionNotCreatedException" message="session not created: This version of ChromeDriver only supports Chrome version 79
Build info: version: &amp;apos;3.141.59&amp;apos;, revision: &amp;apos;e82be7d358&amp;apos;, time: &amp;apos;2018-11-14T08:17:03&amp;apos;
System info: host: &amp;apos;VAIBHAV4342&amp;apos;, ip: &amp;apos;192.168.56.1&amp;apos;, os.name: &amp;apos;Windows 10&amp;apos;, os.arch: &amp;apos;amd64&amp;apos;, os.version: &amp;apos;10.0&amp;apos;, java.version: &amp;apos;1.8.0_111&amp;apos;
Driver info: driver.version: ChromeDriver
remote stacktrace: Backtrace:
	Ordinal0 [0x00C3A113+1548563]
	Ordinal0 [0x00BBDDA1+1039777]
	Ordinal0 [0x00B3E485+517253]
	Ordinal0 [0x00ACFD34+64820]
	Ordinal0 [0x00ACC61E+50718]
	Ordinal0 [0x00AEB797+178071]
	Ordinal0 [0x00AEB59D+177565]
	Ordinal0 [0x00AE95FB+169467]
	Ordinal0 [0x00AD160A+71178]
	Ordinal0 [0x00AD2690+75408]
	Ordinal0 [0x00AD2629+75305]
	Ordinal0 [0x00BD71B7+1143223]
	GetHandleVerifier [0x00CD2B46+507814]
	GetHandleVerifier [0x00CD2864+507076]
	GetHandleVerifier [0x00CD9F47+537511]
	GetHandleVerifier [0x00CD3402+510050]
	Ordinal0 [0x00BCF29C+1110684]
	Ordinal0 [0x00BD938B+1151883]
	Ordinal0 [0x00BD94F3+1152243]
	Ordinal0 [0x00BD83F5+1147893]
	BaseThreadInitThunk [0x76DB6359+25]
	RtlGetAppContainerNamedObjectPath [0x77707C24+228]
	RtlGetAppContainerNamedObjectPath [0x77707BF4+180]
">
      <![CDATA[org.openqa.selenium.SessionNotCreatedException: session not created: This version of ChromeDriver only supports Chrome version 79
Build info: version: '3.141.59', revision: 'e82be7d358', time: '2018-11-14T08:17:03'
System info: host: 'VAIBHAV4342', ip: '192.168.56.1', os.name: 'Windows 10', os.arch: 'amd64', os.version: '10.0', java.version: '1.8.0_111'
Driver info: driver.version: ChromeDriver
remote stacktrace: Backtrace:
Ordinal0 [0x00C3A113+1548563]
Ordinal0 [0x00BBDDA1+1039777]
Ordinal0 [0x00B3E485+517253]
Ordinal0 [0x00ACFD34+64820]
Ordinal0 [0x00ACC61E+50718]
Ordinal0 [0x00AEB797+178071]
Ordinal0 [0x00AEB59D+177565]
Ordinal0 [0x00AE95FB+169467]
Ordinal0 [0x00AD160A+71178]
Ordinal0 [0x00AD2690+75408]
Ordinal0 [0x00AD2629+75305]
Ordinal0 [0x00BD71B7+1143223]
GetHandleVerifier [0x00CD2B46+507814]
GetHandleVerifier [0x00CD2864+507076]
GetHandleVerifier [0x00CD9F47+537511]
GetHandleVerifier [0x00CD3402+510050]
Ordinal0 [0x00BCF29C+1110684]
Ordinal0 [0x00BD938B+1151883]
Ordinal0 [0x00BD94F3+1152243]
Ordinal0 [0x00BD83F5+1147893]
BaseThreadInitThunk [0x76DB6359+25]
RtlGetAppContainerNamedObjectPath [0x77707C24+228]
RtlGetAppContainerNamedObjectPath [0x77707BF4+180]

at org.openqa.selenium.remote.W3CHandshakeResponse.lambda$errorHandler$0(W3CHandshakeResponse.java:62)
at org.openqa.selenium.remote.HandshakeResponse.lambda$getResponseFunction$0(HandshakeResponse.java:30)
at org.openqa.selenium.remote.ProtocolHandshake.lambda$createSession$0(ProtocolHandshake.java:126)
at java.util.stream.ReferencePipeline$3$1.accept(ReferencePipeline.java:193)
at java.util.Spliterators$ArraySpliterator.tryAdvance(Spliterators.java:958)
at java.util.stream.ReferencePipeline.forEachWithCancel(ReferencePipeline.java:126)
at java.util.stream.AbstractPipeline.copyIntoWithCancel(AbstractPipeline.java:498)
at java.util.stream.AbstractPipeline.copyInto(AbstractPipeline.java:485)
at java.util.stream.AbstractPipeline.wrapAndCopyInto(AbstractPipeline.java:471)
at java.util.stream.FindOps$FindOp.evaluateSequential(FindOps.java:152)
at java.util.stream.AbstractPipeline.evaluate(AbstractPipeline.java:234)
at java.util.stream.ReferencePipeline.findFirst(ReferencePipeline.java:464)
at org.openqa.selenium.remote.ProtocolHandshake.createSession(ProtocolHandshake.java:128)
at org.openqa.selenium.remote.ProtocolHandshake.createSession(ProtocolHandshake.java:74)
at org.openqa.selenium.remote.HttpCommandExecutor.execute(HttpCommandExecutor.java:136)
at org.openqa.selenium.remote.service.DriverCommandExecutor.execute(DriverCommandExecutor.java:83)
at org.openqa.selenium.remote.RemoteWebDriver.execute(RemoteWebDriver.java:552)
at org.openqa.selenium.remote.RemoteWebDriver.startSession(RemoteWebDriver.java:213)
at org.openqa.selenium.remote.RemoteWebDriver.<init>(RemoteWebDriver.java:131)
at org.openqa.selenium.chrome.ChromeDriver.<init>(ChromeDriver.java:181)
at org.openqa.selenium.chrome.ChromeDriver.<init>(ChromeDriver.java:168)
at org.openqa.selenium.chrome.ChromeDriver.<init>(ChromeDriver.java:123)
at com.demo.qa.base.TestBase.initialization(TestBase.java:45)
at com.demo.qa.testcases.LoginPageTest.setUp(LoginPageTest.java:31)
at java.util.ArrayList.forEach(ArrayList.java:1249)
... Removed 35 stack frames]]>
    </failure>
  </testcase> <!-- @BeforeMethod setUp -->
  <testcase name="@AfterMethod tearDown" time="-1.590324728627E9" classname="com.demo.qa.testcases.LoginPageTest">
    <skipped/>
  </testcase> <!-- @AfterMethod tearDown -->
  <testcase name="loginPageTitleTest" time="0.0" classname="com.demo.qa.testcases.LoginPageTest">
    <skipped/>
  </testcase> <!-- loginPageTitleTest -->
</testsuite> <!-- Test -->
